01:32:00.301 [INFO] [org.gradle.launcher.daemon.server.Daemon] start() called on daemon - DefaultDaemonContext[uid=147316f3-c99a-40a4-8afe-55d569e8fa08,javaHome=/home/darksamus/jdk1.8.0_91,daemonRegistryDir=/home/darksamus/prj/daemon,pid=2910,idleTimeout=60000,daemonOpts=-XX:MaxPermSize=256m,-XX:+HeapDumpOnOutOfMemoryError,-Xmx1024m,-Dfile.encoding=UTF-8,-Duser.country=CA,-Duser.language=en,-Duser.variant]
01:32:00.304 [DEBUG] [org.gradle.launcher.daemon.server.DaemonStateCoordinator] updating lastActivityAt to 1467016320304
01:32:00.316 [DEBUG] [org.gradle.messaging.remote.internal.inet.InetAddressFactory] Adding IP addresses for network interface eth0
01:32:00.316 [DEBUG] [org.gradle.messaging.remote.internal.inet.InetAddressFactory] Is this a loopback interface? false
01:32:00.316 [DEBUG] [org.gradle.messaging.remote.internal.inet.InetAddressFactory] Is this a multicast interface? true
01:32:00.317 [DEBUG] [org.gradle.messaging.remote.internal.inet.InetAddressFactory] Adding remote address /fe80:0:0:0:a00:27ff:fe64:f833%eth0
01:32:00.317 [DEBUG] [org.gradle.messaging.remote.internal.inet.InetAddressFactory] Adding remote address /10.0.2.15
01:32:00.319 [DEBUG] [org.gradle.messaging.remote.internal.inet.InetAddressFactory] Adding remote multicast interface eth0
01:32:00.319 [DEBUG] [org.gradle.messaging.remote.internal.inet.InetAddressFactory] Adding IP addresses for network interface lo
01:32:00.319 [DEBUG] [org.gradle.messaging.remote.internal.inet.InetAddressFactory] Is this a loopback interface? true
01:32:00.320 [DEBUG] [org.gradle.messaging.remote.internal.inet.InetAddressFactory] Is this a multicast interface? false
01:32:00.320 [DEBUG] [org.gradle.messaging.remote.internal.inet.InetAddressFactory] Adding loopback address /0:0:0:0:0:0:0:1%lo
01:32:00.321 [DEBUG] [org.gradle.messaging.remote.internal.inet.InetAddressFactory] Adding loopback address /127.0.0.1
01:32:00.335 [DEBUG] [org.gradle.messaging.remote.internal.inet.TcpIncomingConnector] Listening on [9f3ec18a-7a47-4c76-9df7-8888d9e8626e port:53171, addresses:[/0:0:0:0:0:0:0:1%lo, /127.0.0.1]].
01:32:00.343 [DEBUG] [org.gradle.launcher.daemon.server.Daemon] Daemon starting at: Mon Jun 27 01:32:00 PDT 2016, with address: [9f3ec18a-7a47-4c76-9df7-8888d9e8626e port:53171, addresses:[/0:0:0:0:0:0:0:1%lo, /127.0.0.1]]
01:32:00.343 [INFO] [org.gradle.launcher.daemon.server.DomainRegistryUpdater] Advertising the daemon address to the clients: [9f3ec18a-7a47-4c76-9df7-8888d9e8626e port:53171, addresses:[/0:0:0:0:0:0:0:1%lo, /127.0.0.1]]
01:32:00.343 [DEBUG] [org.gradle.launcher.daemon.server.DomainRegistryUpdater] Advertised daemon context: DefaultDaemonContext[uid=147316f3-c99a-40a4-8afe-55d569e8fa08,javaHome=/home/darksamus/jdk1.8.0_91,daemonRegistryDir=/home/darksamus/prj/daemon,pid=2910,idleTimeout=60000,daemonOpts=-XX:MaxPermSize=256m,-XX:+HeapDumpOnOutOfMemoryError,-Xmx1024m,-Dfile.encoding=UTF-8,-Duser.country=CA,-Duser.language=en,-Duser.variant]
01:32:00.344 [DEBUG] [org.gradle.launcher.daemon.registry.PersistentDaemonRegistry] Storing daemon address: [9f3ec18a-7a47-4c76-9df7-8888d9e8626e port:53171, addresses:[/0:0:0:0:0:0:0:1%lo, /127.0.0.1]], context: DefaultDaemonContext[uid=147316f3-c99a-40a4-8afe-55d569e8fa08,javaHome=/home/darksamus/jdk1.8.0_91,daemonRegistryDir=/home/darksamus/prj/daemon,pid=2910,idleTimeout=60000,daemonOpts=-XX:MaxPermSize=256m,-XX:+HeapDumpOnOutOfMemoryError,-Xmx1024m,-Dfile.encoding=UTF-8,-Duser.country=CA,-Duser.language=en,-Duser.variant]
01:32:00.350 [DEBUG] [org.gradle.cache.internal.DefaultFileLockManager] Waiting to acquire exclusive lock on daemon addresses registry.
01:32:00.351 [DEBUG] [org.gradle.cache.internal.DefaultFileLockManager] Lock acquired.
01:32:00.352 [DEBUG] [org.gradle.cache.internal.DefaultFileLockManager] Releasing lock on daemon addresses registry.
01:32:00.354 [DEBUG] [org.gradle.cache.internal.DefaultFileLockManager] Waiting to acquire exclusive lock on daemon addresses registry.
01:32:00.355 [DEBUG] [org.gradle.cache.internal.DefaultFileLockManager] Lock acquired.
01:32:00.380 [DEBUG] [org.gradle.cache.internal.DefaultFileLockManager] Releasing lock on daemon addresses registry.
01:32:00.381 [LIFECYCLE] [org.gradle.launcher.daemon.server.Daemon] Daemon server started.
01:32:00.392 [DEBUG] [org.gradle.launcher.daemon.bootstrap.DaemonStartupCommunication] Completed writing the daemon greeting. Closing streams...
01:32:00.395 [DEBUG] [org.gradle.launcher.daemon.server.Daemon] requestStopOnIdleTimeout(60000 MILLISECONDS) called on daemon
01:32:00.403 [DEBUG] [org.gradle.launcher.daemon.server.DaemonStateCoordinator] Idle timeout: waiting for daemon to stop or be idle for 60000ms
01:32:00.404 [DEBUG] [org.gradle.launcher.daemon.server.DaemonStateCoordinator] Daemon is idle, sleeping until state change or idle timeout at Mon Jun 27 01:33:00 PDT 2016
01:32:00.434 [DEBUG] [org.gradle.messaging.remote.internal.inet.TcpIncomingConnector] Accepted connection from /127.0.0.1:55565 to /127.0.0.1:53171.
01:32:00.688 [DEBUG] [org.gradle.launcher.daemon.server.SynchronizedDispatchConnection] thread 13: received class org.gradle.launcher.daemon.protocol.Build
01:32:00.703 [DEBUG] [org.gradle.launcher.daemon.server.DefaultDaemonConnection] Received non-IO message from client: Build{id=bae19ccd-2c23-4af9-b4e8-9dceae6e928f.1, currentDir=/home/darksamus/prj/backend}
01:32:00.703 [INFO] [org.gradle.launcher.daemon.server.DefaultIncomingConnectionHandler] Received command: Build{id=bae19ccd-2c23-4af9-b4e8-9dceae6e928f.1, currentDir=/home/darksamus/prj/backend}.
01:32:00.704 [DEBUG] [org.gradle.launcher.daemon.server.DefaultIncomingConnectionHandler] Starting executing command: Build{id=bae19ccd-2c23-4af9-b4e8-9dceae6e928f.1, currentDir=/home/darksamus/prj/backend} with connection: socket connection from /127.0.0.1:53171 to /127.0.0.1:55565.
01:32:00.710 [DEBUG] [org.gradle.launcher.daemon.server.DaemonStateCoordinator] Command execution: started DaemonCommandExecution[command = Build{id=bae19ccd-2c23-4af9-b4e8-9dceae6e928f.1, currentDir=/home/darksamus/prj/backend}, connection = org.gradle.launcher.daemon.server.DefaultDaemonConnection@718737bd] after 0.0 minutes of idle
01:32:00.711 [INFO] [org.gradle.launcher.daemon.server.DomainRegistryUpdater] Marking the daemon as busy, address: [9f3ec18a-7a47-4c76-9df7-8888d9e8626e port:53171, addresses:[/0:0:0:0:0:0:0:1%lo, /127.0.0.1]]
01:32:00.711 [DEBUG] [org.gradle.launcher.daemon.registry.PersistentDaemonRegistry] Marking busy by address: [9f3ec18a-7a47-4c76-9df7-8888d9e8626e port:53171, addresses:[/0:0:0:0:0:0:0:1%lo, /127.0.0.1]]
01:32:00.711 [DEBUG] [org.gradle.cache.internal.DefaultFileLockManager] Waiting to acquire exclusive lock on daemon addresses registry.
01:32:00.712 [DEBUG] [org.gradle.cache.internal.DefaultFileLockManager] Lock acquired.
01:32:00.720 [DEBUG] [org.gradle.cache.internal.DefaultFileLockManager] Releasing lock on daemon addresses registry.
01:32:00.721 [DEBUG] [org.gradle.launcher.daemon.server.DaemonStateCoordinator] updating lastActivityAt to 1467016320721
01:32:00.721 [DEBUG] [org.gradle.launcher.daemon.server.DaemonStateCoordinator] Daemon is busy, sleeping until state changes.
01:32:00.722 [INFO] [org.gradle.launcher.daemon.server.exec.StartBuildOrRespondWithBusy] Daemon is about to start building Build{id=bae19ccd-2c23-4af9-b4e8-9dceae6e928f.1, currentDir=/home/darksamus/prj/backend}. Dispatching build started information...
01:32:00.722 [DEBUG] [org.gradle.launcher.daemon.server.SynchronizedDispatchConnection] thread 15: dispatching class org.gradle.launcher.daemon.protocol.BuildStarted
01:32:00.741 [DEBUG] [org.gradle.launcher.daemon.server.exec.EstablishBuildEnvironment] Configuring env variables: {PATH=/usr/local/bin:/usr/bin:/bin:/usr/local/games:/usr/games, XAUTHORITY=/var/run/gdm3/auth-for-darksamus-udaNcQ/database, XDG_DATA_DIRS=/usr/share/gnome:/usr/local/share/:/usr/share/, GDMSESSION=default, XFILESEARCHPATH=/usr/dt/app-defaults/%L/Dt, LANG=en_CA.UTF-8, DBUS_SESSION_BUS_ADDRESS=unix:abstract=/tmp/dbus-3Pxr2GODdl,guid=7f2e68a0dc9f949f1be9851e5770e14f, XDG_SESSION_ID=1, XDG_CURRENT_DESKTOP=GNOME, DISPLAY=:0, SSH_AGENT_PID=1086, LD_LIBRARY_PATH=/home/darksamus/Downloads/idea-IC-145.1617.8/bin:, SESSION_MANAGER=local/darkdebian:@/tmp/.ICE-unix/1019,unix/darkdebian:/tmp/.ICE-unix/1019, USERNAME=darksamus, LOGNAME=darksamus, PWD=/home/darksamus, NODE_PATH=/usr/lib/nodejs:/usr/lib/node_modules:/usr/share/javascript, GJS_DEBUG_TOPICS=JS ERROR;JS LOG, SHELL=/bin/bash, GDM_LANG=en_CA.UTF-8, GIO_LAUNCHED_DESKTOP_FILE=/home/darksamus/.local/share/applications/jetbrains-idea-ce.desktop, GPG_AGENT_INFO=/run/user/1000/keyring/gpg:0:1, DESKTOP_SESSION=default, USER=darksamus, XDG_MENU_PREFIX=gnome-, GIO_LAUNCHED_DESKTOP_FILE_PID=1523, WINDOWPATH=7, GJS_DEBUG_OUTPUT=stderr, GNOME_DESKTOP_SESSION_ID=this-is-deprecated, SSH_AUTH_SOCK=/run/user/1000/keyring/ssh, XDG_SEAT=seat0, NLSPATH=/usr/dt/lib/nls/msg/%L/%N.cat, XDG_VTNR=7, XDG_SESSION_DESKTOP=default, XDG_RUNTIME_DIR=/run/user/1000, HOME=/home/darksamus}
01:32:00.754 [DEBUG] [org.gradle.launcher.daemon.server.SynchronizedDispatchConnection] thread 13: received class org.gradle.launcher.daemon.protocol.CloseInput
01:32:00.754 [DEBUG] [org.gradle.launcher.daemon.server.DefaultDaemonConnection] Received IO message from client: org.gradle.launcher.daemon.protocol.CloseInput@1fb90214
01:32:00.758 [DEBUG] [org.gradle.launcher.daemon.server.exec.LogToClient] About to start relaying all logs to the client via the connection.
01:32:00.763 [INFO] [org.gradle.launcher.daemon.server.exec.LogToClient] The client will now receive all logging from the daemon (pid: 2910). The daemon log file: /home/darksamus/prj/daemon/2.9/daemon-2910.out.log
01:32:00.774 [INFO] [org.gradle.launcher.daemon.server.health.DaemonHealthTracker] Starting build in new daemon [memory: 1.0 GB]
01:32:00.777 [DEBUG] [org.gradle.launcher.daemon.server.exec.ExecuteBuild] The daemon has started executing the build.
01:32:00.778 [INFO] [org.gradle.launcher.daemon.server.exec.ExecuteBuild] Executing build with daemon context: DefaultDaemonContext[uid=147316f3-c99a-40a4-8afe-55d569e8fa08,javaHome=/home/darksamus/jdk1.8.0_91,daemonRegistryDir=/home/darksamus/prj/daemon,pid=2910,idleTimeout=60000,daemonOpts=-XX:MaxPermSize=256m,-XX:+HeapDumpOnOutOfMemoryError,-Xmx1024m,-Dfile.encoding=UTF-8,-Duser.country=CA,-Duser.language=en,-Duser.variant]
01:32:00.779 [INFO] [org.gradle.launcher.daemon.server.exec.ForwardClientInput] Closing daemon's stdin at end of input.
01:32:00.780 [INFO] [org.gradle.launcher.daemon.server.exec.ForwardClientInput] The daemon will no longer process any standard input.
01:32:01.554 [INFO] [org.gradle.tooling.internal.provider.DefaultPayloadClassLoaderRegistry] Creating ClassLoader 0770dd8c-af7f-4b08-afa6-254b06301ee1 from [Spec classpath:[file:/home/darksamus/Downloads/idea-IC-145.1617.8/plugins/gradle/lib/gradle-tooling-api-2.9.jar, file:/home/darksamus/Downloads/idea-IC-145.1617.8/plugins/gradle/lib/guava-jdk5-17.0.jar, file:/home/darksamus/Downloads/idea-IC-145.1617.8/plugins/gradle/lib/gradle-base-services-2.9.jar, file:/home/darksamus/Downloads/idea-IC-145.1617.8/plugins/gradle/lib/gradle-tooling-extension-api.jar, file:/home/darksamus/Downloads/idea-IC-145.1617.8/lib/external-system-rt.jar]] and [org.gradle.internal.classloader.FilteringClassLoader@39cf995f].
01:32:01.555 [DEBUG] [org.gradle.cache.internal.DefaultFileLockManager] Waiting to acquire exclusive lock on jars (/home/darksamus/prj/caches/jars-1).
01:32:01.555 [DEBUG] [org.gradle.cache.internal.DefaultFileLockManager] Lock acquired.
01:32:01.555 [DEBUG] [org.gradle.cache.internal.DefaultPersistentDirectoryCache] Invalidating org.gradle.cache.internal.DefaultPersistentDirectoryCache$Initializer@7d686034 as it was not closed cleanly.
01:32:01.565 [DEBUG] [org.gradle.cache.internal.locklistener.DefaultFileLockContentionHandler] Starting file lock listener thread.

BUILD SUCCESSFUL

Total time: 8.986 secs
Download https://repo1.maven.org/maven2/org/apache/commons/commons-lang3/3.4/commons-lang3-3.4.pom
Download https://repo1.maven.org/maven2/org/apache/commons/commons-parent/37/commons-parent-37.pom
Download https://repo1.maven.org/maven2/org/apache/apache/16/apache-16.pom
Download https://repo1.maven.org/maven2/org/hibernate/hibernate-core/5.1.0.Final/hibernate-core-5.1.0.Final.pom
Download https://repo1.maven.org/maven2/com/h2database/h2/1.4.192/h2-1.4.192.pom
Download https://repo1.maven.org/maven2/com/google/code/gson/gson/2.7/gson-2.7.pom
Download https://repo1.maven.org/maven2/com/google/code/gson/gson-parent/2.7/gson-parent-2.7.pom
Download https://repo1.maven.org/maven2/org/sonatype/oss/oss-parent/7/oss-parent-7.pom
Download https://repo1.maven.org/maven2/com/sparkjava/spark-core/2.5/spark-core-2.5.pom
Download https://repo1.maven.org/maven2/com/fasterxml/jackson/core/jackson-core/2.5.1/jackson-core-2.5.1.pom
Download https://repo1.maven.org/maven2/com/fasterxml/jackson/jackson-parent/2.5/jackson-parent-2.5.pom
Download https://repo1.maven.org/maven2/com/fasterxml/oss-parent/18/oss-parent-18.pom
Download https://repo1.maven.org/maven2/com/fasterxml/jackson/core/jackson-databind/2.5.1/jackson-databind-2.5.1.pom
Download https://repo1.maven.org/maven2/org/jboss/logging/jboss-logging/3.3.0.Final/jboss-logging-3.3.0.Final.pom
Download https://repo1.maven.org/maven2/org/jboss/jboss-parent/15/jboss-parent-15.pom
Download https://repo1.maven.org/maven2/org/hibernate/javax/persistence/hibernate-jpa-2.1-api/1.0.0.Final/hibernate-jpa-2.1-api-1.0.0.Final.pom
Download https://repo1.maven.org/maven2/org/javassist/javassist/3.20.0-GA/javassist-3.20.0-GA.pom
Download https://repo1.maven.org/maven2/antlr/antlr/2.7.7/antlr-2.7.7.pom
Download https://repo1.maven.org/maven2/org/apache/geronimo/specs/geronimo-jta_1.1_spec/1.1.1/geronimo-jta_1.1_spec-1.1.1.pom
Download https://repo1.maven.org/maven2/org/apache/geronimo/specs/specs/1.4/specs-1.4.pom
Download https://repo1.maven.org/maven2/org/apache/geronimo/genesis/config/project-config/1.2/project-config-1.2.pom
Download https://repo1.maven.org/maven2/org/apache/geronimo/genesis/config/config/1.2/config-1.2.pom
Download https://repo1.maven.org/maven2/org/apache/geronimo/genesis/genesis/1.2/genesis-1.2.pom
Download https://repo1.maven.org/maven2/org/apache/apache/3/apache-3.pom
Download https://repo1.maven.org/maven2/org/jboss/jandex/2.0.0.Final/jandex-2.0.0.Final.pom
Download https://repo1.maven.org/maven2/org/jboss/jboss-parent/12/jboss-parent-12.pom
Download https://repo1.maven.org/maven2/com/fasterxml/classmate/1.3.0/classmate-1.3.0.pom
Download https://repo1.maven.org/maven2/com/fasterxml/oss-parent/24/oss-parent-24.pom
Download https://repo1.maven.org/maven2/dom4j/dom4j/1.6.1/dom4j-1.6.1.pom
Download https://repo1.maven.org/maven2/org/hibernate/common/hibernate-commons-annotations/5.0.1.Final/hibernate-commons-annotations-5.0.1.Final.pom
Download https://repo1.maven.org/maven2/org/slf4j/slf4j-api/1.7.13/slf4j-api-1.7.13.pom
Download https://repo1.maven.org/maven2/org/slf4j/slf4j-parent/1.7.13/slf4j-parent-1.7.13.pom
Download https://repo1.maven.org/maven2/org/eclipse/jetty/jetty-server/9.3.6.v20151106/jetty-server-9.3.6.v20151106.pom
Download https://repo1.maven.org/maven2/org/eclipse/jetty/jetty-project/9.3.6.v20151106/jetty-project-9.3.6.v20151106.pom
Download https://repo1.maven.org/maven2/org/eclipse/jetty/jetty-parent/25/jetty-parent-25.pom
Download https://repo1.maven.org/maven2/org/eclipse/jetty/jetty-webapp/9.3.6.v20151106/jetty-webapp-9.3.6.v20151106.pom
Download https://repo1.maven.org/maven2/org/eclipse/jetty/websocket/websocket-server/9.3.6.v20151106/websocket-server-9.3.6.v20151106.pom
Download https://repo1.maven.org/maven2/org/eclipse/jetty/websocket/websocket-parent/9.3.6.v20151106/websocket-parent-9.3.6.v20151106.pom
Download https://repo1.maven.org/maven2/org/eclipse/jetty/websocket/websocket-servlet/9.3.6.v20151106/websocket-servlet-9.3.6.v20151106.pom
Download https://repo1.maven.org/maven2/com/fasterxml/jackson/core/jackson-annotations/2.5.0/jackson-annotations-2.5.0.pom
Download https://repo1.maven.org/maven2/xml-apis/xml-apis/1.0.b2/xml-apis-1.0.b2.pom
Download https://repo1.maven.org/maven2/javax/servlet/javax.servlet-api/3.1.0/javax.servlet-api-3.1.0.pom
Download https://repo1.maven.org/maven2/net/java/jvnet-parent/3/jvnet-parent-3.pom
Download https://repo1.maven.org/maven2/org/eclipse/jetty/jetty-http/9.3.6.v20151106/jetty-http-9.3.6.v20151106.pom
Download https://repo1.maven.org/maven2/org/eclipse/jetty/jetty-io/9.3.6.v20151106/jetty-io-9.3.6.v20151106.pom
Download https://repo1.maven.org/maven2/org/eclipse/jetty/jetty-xml/9.3.6.v20151106/jetty-xml-9.3.6.v20151106.pom
Download https://repo1.maven.org/maven2/org/eclipse/jetty/jetty-servlet/9.3.6.v20151106/jetty-servlet-9.3.6.v20151106.pom
Download https://repo1.maven.org/maven2/org/eclipse/jetty/websocket/websocket-common/9.3.6.v20151106/websocket-common-9.3.6.v20151106.pom
Download https://repo1.maven.org/maven2/org/eclipse/jetty/websocket/websocket-client/9.3.6.v20151106/websocket-client-9.3.6.v20151106.pom
Download https://repo1.maven.org/maven2/org/eclipse/jetty/websocket/websocket-api/9.3.6.v20151106/websocket-api-9.3.6.v20151106.pom
Download https://repo1.maven.org/maven2/org/eclipse/jetty/jetty-util/9.3.6.v20151106/jetty-util-9.3.6.v20151106.pom
Download https://repo1.maven.org/maven2/org/eclipse/jetty/jetty-security/9.3.6.v20151106/jetty-security-9.3.6.v20151106.pom
Download https://repo1.maven.org/maven2/junit/junit/4.11/junit-4.11.pom
Download https://repo1.maven.org/maven2/org/hamcrest/hamcrest-core/1.3/hamcrest-core-1.3.pom
Download https://repo1.maven.org/maven2/org/hamcrest/hamcrest-parent/1.3/hamcrest-parent-1.3.pom
Download https://repo1.maven.org/maven2/org/apache/commons/commons-lang3/3.4/commons-lang3-3.4.jar
Download https://repo1.maven.org/maven2/org/hibernate/hibernate-core/5.1.0.Final/hibernate-core-5.1.0.Final.jar
Download https://repo1.maven.org/maven2/com/h2database/h2/1.4.192/h2-1.4.192.jar
Download https://repo1.maven.org/maven2/com/google/code/gson/gson/2.7/gson-2.7.jar
Download https://repo1.maven.org/maven2/com/sparkjava/spark-core/2.5/spark-core-2.5.jar
Download https://repo1.maven.org/maven2/com/fasterxml/jackson/core/jackson-core/2.5.1/jackson-core-2.5.1.jar
Download https://repo1.maven.org/maven2/com/fasterxml/jackson/core/jackson-databind/2.5.1/jackson-databind-2.5.1.jar
Download https://repo1.maven.org/maven2/org/jboss/logging/jboss-logging/3.3.0.Final/jboss-logging-3.3.0.Final.jar
Download https://repo1.maven.org/maven2/org/hibernate/javax/persistence/hibernate-jpa-2.1-api/1.0.0.Final/hibernate-jpa-2.1-api-1.0.0.Final.jar
Download https://repo1.maven.org/maven2/org/javassist/javassist/3.20.0-GA/javassist-3.20.0-GA.jar
Download https://repo1.maven.org/maven2/antlr/antlr/2.7.7/antlr-2.7.7.jar
Download https://repo1.maven.org/maven2/org/apache/geronimo/specs/geronimo-jta_1.1_spec/1.1.1/geronimo-jta_1.1_spec-1.1.1.jar
Download https://repo1.maven.org/maven2/org/jboss/jandex/2.0.0.Final/jandex-2.0.0.Final.jar
Download https://repo1.maven.org/maven2/com/fasterxml/classmate/1.3.0/classmate-1.3.0.jar
Download https://repo1.maven.org/maven2/dom4j/dom4j/1.6.1/dom4j-1.6.1.jar
Download https://repo1.maven.org/maven2/org/hibernate/common/hibernate-commons-annotations/5.0.1.Final/hibernate-commons-annotations-5.0.1.Final.jar
Download https://repo1.maven.org/maven2/org/slf4j/slf4j-api/1.7.13/slf4j-api-1.7.13.jar
Download https://repo1.maven.org/maven2/org/eclipse/jetty/jetty-server/9.3.6.v20151106/jetty-server-9.3.6.v20151106.jar
Download https://repo1.maven.org/maven2/org/eclipse/jetty/jetty-webapp/9.3.6.v20151106/jetty-webapp-9.3.6.v20151106.jar
Download https://repo1.maven.org/maven2/org/eclipse/jetty/websocket/websocket-server/9.3.6.v20151106/websocket-server-9.3.6.v20151106.jar
Download https://repo1.maven.org/maven2/org/eclipse/jetty/websocket/websocket-servlet/9.3.6.v20151106/websocket-servlet-9.3.6.v20151106.jar
Download https://repo1.maven.org/maven2/com/fasterxml/jackson/core/jackson-annotations/2.5.0/jackson-annotations-2.5.0.jar
Download https://repo1.maven.org/maven2/xml-apis/xml-apis/1.0.b2/xml-apis-1.0.b2.jar
Download https://repo1.maven.org/maven2/javax/servlet/javax.servlet-api/3.1.0/javax.servlet-api-3.1.0.jar
Download https://repo1.maven.org/maven2/org/eclipse/jetty/jetty-http/9.3.6.v20151106/jetty-http-9.3.6.v20151106.jar
Download https://repo1.maven.org/maven2/org/eclipse/jetty/jetty-io/9.3.6.v20151106/jetty-io-9.3.6.v20151106.jar
Download https://repo1.maven.org/maven2/org/eclipse/jetty/jetty-xml/9.3.6.v20151106/jetty-xml-9.3.6.v20151106.jar
Download https://repo1.maven.org/maven2/org/eclipse/jetty/jetty-servlet/9.3.6.v20151106/jetty-servlet-9.3.6.v20151106.jar
Download https://repo1.maven.org/maven2/org/eclipse/jetty/websocket/websocket-common/9.3.6.v20151106/websocket-common-9.3.6.v20151106.jar
Download https://repo1.maven.org/maven2/org/eclipse/jetty/websocket/websocket-client/9.3.6.v20151106/websocket-client-9.3.6.v20151106.jar
Download https://repo1.maven.org/maven2/org/eclipse/jetty/websocket/websocket-api/9.3.6.v20151106/websocket-api-9.3.6.v20151106.jar
Download https://repo1.maven.org/maven2/org/eclipse/jetty/jetty-util/9.3.6.v20151106/jetty-util-9.3.6.v20151106.jar
Download https://repo1.maven.org/maven2/org/eclipse/jetty/jetty-security/9.3.6.v20151106/jetty-security-9.3.6.v20151106.jar
Download https://repo1.maven.org/maven2/junit/junit/4.11/junit-4.11.jar
Download https://repo1.maven.org/maven2/org/hamcrest/hamcrest-core/1.3/hamcrest-core-1.3.jar
01:32:20.488 [DEBUG] [org.gradle.cache.internal.DefaultFileLockManager] Releasing lock on cp_init class cache for initialization script '/tmp/ijinit.gradle' (/home/darksamus/prj/caches/2.9/scripts/ijinit_87o07vfof6oy13dwbhyezc40k/cp_init).
01:32:20.488 [DEBUG] [org.gradle.cache.internal.DefaultFileLockManager] Releasing lock on init class cache for initialization script '/tmp/ijinit.gradle' (/home/darksamus/prj/caches/2.9/scripts/ijinit_87o07vfof6oy13dwbhyezc40k/init).
01:32:20.488 [DEBUG] [org.gradle.cache.internal.DefaultFileLockManager] Releasing lock on cp_settings class cache for settings file '/home/darksamus/prj/backend/settings.gradle' (/home/darksamus/prj/caches/2.9/scripts/settings_cg64ceacudzlumou06u8ng0rp/cp_settings).
01:32:20.491 [DEBUG] [org.gradle.cache.internal.DefaultFileLockManager] Releasing lock on settings class cache for settings file '/home/darksamus/prj/backend/settings.gradle' (/home/darksamus/prj/caches/2.9/scripts/settings_cg64ceacudzlumou06u8ng0rp/settings).
01:32:20.492 [DEBUG] [org.gradle.cache.internal.DefaultFileLockManager] Releasing lock on cp_proj class cache for build file '/home/darksamus/prj/backend/build.gradle' (/home/darksamus/prj/caches/2.9/scripts/build_29x5ycrkyt5s9768h4uv0dqek/cp_proj).
01:32:20.493 [DEBUG] [org.gradle.cache.internal.DefaultFileLockManager] Releasing lock on proj class cache for build file '/home/darksamus/prj/backend/build.gradle' (/home/darksamus/prj/caches/2.9/scripts/build_29x5ycrkyt5s9768h4uv0dqek/proj).
01:32:20.495 [DEBUG] [org.gradle.cache.internal.DefaultFileLockManager] Releasing lock on jars (/home/darksamus/prj/caches/jars-1).
01:32:20.497 [DEBUG] [org.gradle.api.internal.artifacts.ivyservice.resolveengine.store.CachedStoreFactory] Resolved configuration cache closed. Cache reads: 0, disk reads: 0 (avg: 0.0 secs, total: 0.0 secs)
01:32:20.497 [DEBUG] [org.gradle.api.internal.artifacts.ivyservice.resolveengine.store.CachedStoreFactory] Resolution result cache closed. Cache reads: 0, disk reads: 4 (avg: 0.005 secs, total: 0.022 secs)
01:32:20.497 [DEBUG] [org.gradle.api.internal.artifacts.ivyservice.resolveengine.store.ResolutionResultsStoreFactory] Deleted 2 resolution results binary files in 0.0 secs
01:32:20.498 [DEBUG] [org.gradle.api.internal.artifacts.ivyservice.ivyresolve.memcache.InMemoryCachedRepositoryFactory] In-memory dependency metadata cache closed. Repos cached: 4, cache instances: 1, modules served from cache: 104, artifacts: 104
01:32:20.502 [DEBUG] [org.gradle.cache.internal.btree.BTreePersistentIndexedCache] Closing cache artifact-at-url.bin (/home/darksamus/prj/caches/modules-2/metadata-2.16/artifact-at-url.bin)
01:32:20.502 [DEBUG] [org.gradle.cache.internal.btree.BTreePersistentIndexedCache] Closing cache artifact-at-repository.bin (/home/darksamus/prj/caches/modules-2/metadata-2.16/artifact-at-repository.bin)
01:32:20.502 [DEBUG] [org.gradle.cache.internal.btree.BTreePersistentIndexedCache] Closing cache module-metadata.bin (/home/darksamus/prj/caches/modules-2/metadata-2.16/module-metadata.bin)
01:32:20.503 [DEBUG] [org.gradle.cache.internal.DefaultFileLockManager] Releasing lock on artifact cache (/home/darksamus/prj/caches/modules-2).
01:32:20.503 [DEBUG] [org.gradle.cache.internal.DefaultCacheAccess] Cache Plugin Resolution Cache (/home/darksamus/prj/caches/2.9/plugin-resolution) was closed 0 times.
01:32:20.503 [DEBUG] [org.gradle.api.internal.tasks.compile.daemon.CompilerDaemonManager] Stopping 0 compiler daemon(s).
01:32:20.503 [INFO] [org.gradle.api.internal.tasks.compile.daemon.CompilerDaemonManager] Stopped 0 compiler daemon(s).
01:32:20.504 [DEBUG] [org.gradle.launcher.daemon.server.exec.ExecuteBuild] The daemon has finished executing the build.
01:32:20.618 [DEBUG] [org.gradle.launcher.daemon.server.DaemonStateCoordinator] Daemon is busy, sleeping until state changes.
01:32:20.619 [DEBUG] [org.apache.http.impl.conn.PoolingClientConnectionManager] Connection manager is shutting down
01:32:20.619 [DEBUG] [org.apache.http.impl.conn.DefaultClientConnection] Connection 0.0.0.0:45293<->151.101.40.209:443 closed
01:32:20.619 [DEBUG] [org.apache.http.impl.conn.DefaultClientConnection] Connection 0.0.0.0:45293<->151.101.40.209:443 closed
01:32:20.619 [DEBUG] [org.apache.http.impl.conn.PoolingClientConnectionManager] Connection manager shut down
01:32:20.619 [DEBUG] [org.apache.http.impl.conn.PoolingClientConnectionManager] Connection manager is shutting down
01:32:20.620 [DEBUG] [org.apache.http.impl.conn.DefaultClientConnection] Connection 0.0.0.0:45292<->151.101.40.209:443 closed
01:32:20.620 [DEBUG] [org.apache.http.impl.conn.DefaultClientConnection] Connection 0.0.0.0:45292<->151.101.40.209:443 closed
01:32:20.620 [DEBUG] [org.apache.http.impl.conn.PoolingClientConnectionManager] Connection manager shut down
01:32:20.620 [DEBUG] [org.gradle.launcher.daemon.server.DaemonStateCoordinator] Command execution: finished waiting for DaemonCommandExecution[command = Build{id=bae19ccd-2c23-4af9-b4e8-9dceae6e928f.1, currentDir=/home/darksamus/prj/backend}, connection = org.gradle.launcher.daemon.server.DefaultDaemonConnection@718737bd]. Result org.gradle.launcher.daemon.server.DaemonStateCoordinator@2bc5cfe7 with state Running
01:32:20.621 [DEBUG] [org.gradle.launcher.daemon.server.DaemonStateCoordinator] Command execution: completed DaemonCommandExecution[command = Build{id=bae19ccd-2c23-4af9-b4e8-9dceae6e928f.1, currentDir=/home/darksamus/prj/backend}, connection = org.gradle.launcher.daemon.server.DefaultDaemonConnection@718737bd]
01:32:20.621 [DEBUG] [org.gradle.launcher.daemon.server.DaemonStateCoordinator] updating lastActivityAt to 1467016340621
01:32:20.621 [INFO] [org.gradle.launcher.daemon.server.DomainRegistryUpdater] Marking the daemon as idle, address: [9f3ec18a-7a47-4c76-9df7-8888d9e8626e port:53171, addresses:[/0:0:0:0:0:0:0:1%lo, /127.0.0.1]]
01:32:20.621 [DEBUG] [org.gradle.launcher.daemon.registry.PersistentDaemonRegistry] Marking idle by address: [9f3ec18a-7a47-4c76-9df7-8888d9e8626e port:53171, addresses:[/0:0:0:0:0:0:0:1%lo, /127.0.0.1]]
01:32:20.621 [DEBUG] [org.gradle.cache.internal.DefaultFileLockManager] Waiting to acquire exclusive lock on daemon addresses registry.
01:32:20.621 [DEBUG] [org.gradle.cache.internal.DefaultFileLockManager] Lock acquired.
01:32:20.623 [DEBUG] [org.gradle.cache.internal.DefaultFileLockManager] Releasing lock on daemon addresses registry.
01:32:20.626 [DEBUG] [org.gradle.launcher.daemon.server.DaemonStateCoordinator] Daemon is idle, sleeping until state change or idle timeout at Mon Jun 27 01:33:20 PDT 2016
01:32:20.626 [DEBUG] [org.gradle.launcher.daemon.server.exec.ReturnResult] Daemon is dispatching the build result: Success[value=org.gradle.tooling.internal.provider.BuildActionResult@20d680c6]
01:32:20.626 [DEBUG] [org.gradle.launcher.daemon.server.SynchronizedDispatchConnection] thread 12: dispatching class org.gradle.launcher.daemon.protocol.Success
01:32:20.657 [DEBUG] [org.gradle.launcher.daemon.server.DefaultIncomingConnectionHandler] Finishing executing command: Build{id=bae19ccd-2c23-4af9-b4e8-9dceae6e928f.1, currentDir=/home/darksamus/prj/backend}
01:32:20.717 [DEBUG] [org.gradle.launcher.daemon.server.SynchronizedDispatchConnection] thread 13: received class org.gradle.launcher.daemon.protocol.Finished
01:32:20.717 [DEBUG] [org.gradle.launcher.daemon.server.DefaultDaemonConnection] Received non-IO message from client: org.gradle.launcher.daemon.protocol.Finished@60cff37d
01:32:20.718 [DEBUG] [org.gradle.launcher.daemon.server.DefaultIncomingConnectionHandler] Received finished message: org.gradle.launcher.daemon.protocol.Finished@60cff37d
01:32:20.718 [DEBUG] [org.gradle.launcher.daemon.server.SynchronizedDispatchConnection] thread 12: stopping connection
01:32:20.718 [DEBUG] [org.gradle.messaging.remote.internal.inet.SocketConnection] Discarding EOFException: java.io.EOFException
01:32:20.718 [DEBUG] [org.gradle.launcher.daemon.server.SynchronizedDispatchConnection] thread 13: received null
01:32:20.718 [DEBUG] [org.gradle.launcher.daemon.server.DefaultDaemonConnection] Received end-of-input from client.
01:32:20.719 [DEBUG] [org.gradle.launcher.daemon.server.SynchronizedDispatchConnection] thread 12: stopping connection
01:32:26.614 [DEBUG] [org.gradle.messaging.remote.internal.inet.TcpIncomingConnector] Accepted connection from /127.0.0.1:55568 to /127.0.0.1:53171.
01:32:26.642 [DEBUG] [org.gradle.launcher.daemon.server.SynchronizedDispatchConnection] thread 19: received class org.gradle.launcher.daemon.protocol.Build
01:32:26.645 [DEBUG] [org.gradle.launcher.daemon.server.DefaultDaemonConnection] Received non-IO message from client: Build{id=4f3c77ed-4872-4486-ae69-e74b0529e86d.1, currentDir=/home/darksamus/prj/backend}
01:32:26.647 [INFO] [org.gradle.launcher.daemon.server.DefaultIncomingConnectionHandler] Received command: Build{id=4f3c77ed-4872-4486-ae69-e74b0529e86d.1, currentDir=/home/darksamus/prj/backend}.
01:32:26.647 [DEBUG] [org.gradle.launcher.daemon.server.DefaultIncomingConnectionHandler] Starting executing command: Build{id=4f3c77ed-4872-4486-ae69-e74b0529e86d.1, currentDir=/home/darksamus/prj/backend} with connection: socket connection from /127.0.0.1:53171 to /127.0.0.1:55568.
01:32:26.647 [DEBUG] [org.gradle.launcher.daemon.server.DaemonStateCoordinator] Command execution: started DaemonCommandExecution[command = Build{id=4f3c77ed-4872-4486-ae69-e74b0529e86d.1, currentDir=/home/darksamus/prj/backend}, connection = org.gradle.launcher.daemon.server.DefaultDaemonConnection@349d4b64] after 0.0 minutes of idle
01:32:26.648 [INFO] [org.gradle.launcher.daemon.server.DomainRegistryUpdater] Marking the daemon as busy, address: [9f3ec18a-7a47-4c76-9df7-8888d9e8626e port:53171, addresses:[/0:0:0:0:0:0:0:1%lo, /127.0.0.1]]
01:32:26.648 [DEBUG] [org.gradle.launcher.daemon.registry.PersistentDaemonRegistry] Marking busy by address: [9f3ec18a-7a47-4c76-9df7-8888d9e8626e port:53171, addresses:[/0:0:0:0:0:0:0:1%lo, /127.0.0.1]]
01:32:26.648 [DEBUG] [org.gradle.cache.internal.DefaultFileLockManager] Waiting to acquire exclusive lock on daemon addresses registry.
01:32:26.648 [DEBUG] [org.gradle.cache.internal.DefaultFileLockManager] Lock acquired.
01:32:26.651 [DEBUG] [org.gradle.cache.internal.DefaultFileLockManager] Releasing lock on daemon addresses registry.
01:32:26.651 [DEBUG] [org.gradle.launcher.daemon.server.DaemonStateCoordinator] updating lastActivityAt to 1467016346651
01:32:26.653 [DEBUG] [org.gradle.launcher.daemon.server.DaemonStateCoordinator] Daemon is busy, sleeping until state changes.
01:32:26.653 [INFO] [org.gradle.launcher.daemon.server.exec.StartBuildOrRespondWithBusy] Daemon is about to start building Build{id=4f3c77ed-4872-4486-ae69-e74b0529e86d.1, currentDir=/home/darksamus/prj/backend}. Dispatching build started information...
01:32:26.653 [DEBUG] [org.gradle.launcher.daemon.server.SynchronizedDispatchConnection] thread 15: dispatching class org.gradle.launcher.daemon.protocol.BuildStarted
01:32:26.656 [DEBUG] [org.gradle.launcher.daemon.server.exec.EstablishBuildEnvironment] Configuring env variables: {PATH=/usr/local/bin:/usr/bin:/bin:/usr/local/games:/usr/games, XAUTHORITY=/var/run/gdm3/auth-for-darksamus-udaNcQ/database, XDG_DATA_DIRS=/usr/share/gnome:/usr/local/share/:/usr/share/, GDMSESSION=default, XFILESEARCHPATH=/usr/dt/app-defaults/%L/Dt, LANG=en_CA.UTF-8, DBUS_SESSION_BUS_ADDRESS=unix:abstract=/tmp/dbus-3Pxr2GODdl,guid=7f2e68a0dc9f949f1be9851e5770e14f, XDG_SESSION_ID=1, XDG_CURRENT_DESKTOP=GNOME, DISPLAY=:0, SSH_AGENT_PID=1086, LD_LIBRARY_PATH=/home/darksamus/Downloads/idea-IC-145.1617.8/bin:, SESSION_MANAGER=local/darkdebian:@/tmp/.ICE-unix/1019,unix/darkdebian:/tmp/.ICE-unix/1019, USERNAME=darksamus, LOGNAME=darksamus, PWD=/home/darksamus, NODE_PATH=/usr/lib/nodejs:/usr/lib/node_modules:/usr/share/javascript, GJS_DEBUG_TOPICS=JS ERROR;JS LOG, SHELL=/bin/bash, GDM_LANG=en_CA.UTF-8, GIO_LAUNCHED_DESKTOP_FILE=/home/darksamus/.local/share/applications/jetbrains-idea-ce.desktop, GPG_AGENT_INFO=/run/user/1000/keyring/gpg:0:1, DESKTOP_SESSION=default, USER=darksamus, XDG_MENU_PREFIX=gnome-, GIO_LAUNCHED_DESKTOP_FILE_PID=1523, WINDOWPATH=7, GJS_DEBUG_OUTPUT=stderr, GNOME_DESKTOP_SESSION_ID=this-is-deprecated, SSH_AUTH_SOCK=/run/user/1000/keyring/ssh, XDG_SEAT=seat0, NLSPATH=/usr/dt/lib/nls/msg/%L/%N.cat, XDG_VTNR=7, XDG_SESSION_DESKTOP=default, XDG_RUNTIME_DIR=/run/user/1000, HOME=/home/darksamus}
01:32:26.657 [DEBUG] [org.gradle.launcher.daemon.server.exec.LogToClient] About to start relaying all logs to the client via the connection.
01:32:26.657 [INFO] [org.gradle.launcher.daemon.server.exec.LogToClient] The client will now receive all logging from the daemon (pid: 2910). The daemon log file: /home/darksamus/prj/daemon/2.9/daemon-2910.out.log
01:32:26.657 [INFO] [org.gradle.launcher.daemon.server.health.DaemonHealthTracker] Starting 2nd build in daemon [uptime: 26.36 secs, performance: 99%, memory: 9% of 1.0 GB]
01:32:26.665 [DEBUG] [org.gradle.launcher.daemon.server.exec.ExecuteBuild] The daemon has started executing the build.
01:32:26.665 [INFO] [org.gradle.launcher.daemon.server.exec.ExecuteBuild] Executing build with daemon context: DefaultDaemonContext[uid=147316f3-c99a-40a4-8afe-55d569e8fa08,javaHome=/home/darksamus/jdk1.8.0_91,daemonRegistryDir=/home/darksamus/prj/daemon,pid=2910,idleTimeout=60000,daemonOpts=-XX:MaxPermSize=256m,-XX:+HeapDumpOnOutOfMemoryError,-Xmx1024m,-Dfile.encoding=UTF-8,-Duser.country=CA,-Duser.language=en,-Duser.variant]
01:32:26.668 [INFO] [org.gradle.tooling.internal.provider.DefaultPayloadClassLoaderRegistry] Creating ClassLoader 92caf063-0602-4a47-ab00-169978f0d68d from [Spec classpath:[file:/home/darksamus/Downloads/idea-IC-145.1617.8/plugins/gradle/lib/gradle-tooling-api-2.9.jar, file:/home/darksamus/Downloads/idea-IC-145.1617.8/plugins/gradle/lib/guava-jdk5-17.0.jar, file:/home/darksamus/Downloads/idea-IC-145.1617.8/plugins/gradle/lib/gradle-base-services-2.9.jar, file:/home/darksamus/Downloads/idea-IC-145.1617.8/plugins/gradle/lib/gradle-tooling-extension-api.jar, file:/home/darksamus/Downloads/idea-IC-145.1617.8/lib/external-system-rt.jar, file:/home/darksamus/Downloads/idea-IC-145.1617.8/plugins/android/lib/sdk-tools.jar]] and [org.gradle.internal.classloader.FilteringClassLoader@ca87a99].
01:32:26.668 [DEBUG] [org.gradle.cache.internal.DefaultFileLockManager] Waiting to acquire exclusive lock on jars (/home/darksamus/prj/caches/jars-1).
01:32:26.675 [DEBUG] [org.gradle.launcher.daemon.server.SynchronizedDispatchConnection] thread 19: received class org.gradle.launcher.daemon.protocol.CloseInput
01:32:26.677 [DEBUG] [org.gradle.launcher.daemon.server.DefaultDaemonConnection] Received IO message from client: org.gradle.launcher.daemon.protocol.CloseInput@688de8c9
01:32:26.677 [INFO] [org.gradle.launcher.daemon.server.exec.ForwardClientInput] Closing daemon's stdin at end of input.
01:32:26.677 [INFO] [org.gradle.launcher.daemon.server.exec.ForwardClientInput] The daemon will no longer process any standard input.
01:32:26.677 [DEBUG] [org.gradle.cache.internal.DefaultFileLockManager] Lock acquired.

BUILD SUCCESSFUL

Total time: 0.768 secs
Download https://repo1.maven.org/maven2/org/apache/commons/commons-lang3/3.4/commons-lang3-3.4-sources.jar
Download https://repo1.maven.org/maven2/org/hibernate/hibernate-core/5.1.0.Final/hibernate-core-5.1.0.Final-sources.jar
Download https://repo1.maven.org/maven2/com/h2database/h2/1.4.192/h2-1.4.192-sources.jar
Download https://repo1.maven.org/maven2/com/google/code/gson/gson/2.7/gson-2.7-sources.jar
Download https://repo1.maven.org/maven2/com/sparkjava/spark-core/2.5/spark-core-2.5-sources.jar
Download https://repo1.maven.org/maven2/com/fasterxml/jackson/core/jackson-core/2.5.1/jackson-core-2.5.1-sources.jar
Download https://repo1.maven.org/maven2/com/fasterxml/jackson/core/jackson-databind/2.5.1/jackson-databind-2.5.1-sources.jar
Download https://repo1.maven.org/maven2/org/jboss/logging/jboss-logging/3.3.0.Final/jboss-logging-3.3.0.Final-sources.jar
Download https://repo1.maven.org/maven2/org/hibernate/javax/persistence/hibernate-jpa-2.1-api/1.0.0.Final/hibernate-jpa-2.1-api-1.0.0.Final-sources.jar
Download https://repo1.maven.org/maven2/org/javassist/javassist/3.20.0-GA/javassist-3.20.0-GA-sources.jar
Download https://repo1.maven.org/maven2/org/apache/geronimo/specs/geronimo-jta_1.1_spec/1.1.1/geronimo-jta_1.1_spec-1.1.1-sources.jar
Download https://repo1.maven.org/maven2/org/jboss/jandex/2.0.0.Final/jandex-2.0.0.Final-sources.jar
Download https://repo1.maven.org/maven2/com/fasterxml/classmate/1.3.0/classmate-1.3.0-sources.jar
Download https://repo1.maven.org/maven2/dom4j/dom4j/1.6.1/dom4j-1.6.1-sources.jar
Download https://repo1.maven.org/maven2/org/hibernate/common/hibernate-commons-annotations/5.0.1.Final/hibernate-commons-annotations-5.0.1.Final-sources.jar
Download https://repo1.maven.org/maven2/org/slf4j/slf4j-api/1.7.13/slf4j-api-1.7.13-sources.jar
Download https://repo1.maven.org/maven2/org/eclipse/jetty/jetty-server/9.3.6.v20151106/jetty-server-9.3.6.v20151106-sources.jar
Download https://repo1.maven.org/maven2/org/eclipse/jetty/jetty-webapp/9.3.6.v20151106/jetty-webapp-9.3.6.v20151106-sources.jar
Download https://repo1.maven.org/maven2/org/eclipse/jetty/websocket/websocket-server/9.3.6.v20151106/websocket-server-9.3.6.v20151106-sources.jar
Download https://repo1.maven.org/maven2/org/eclipse/jetty/websocket/websocket-servlet/9.3.6.v20151106/websocket-servlet-9.3.6.v20151106-sources.jar
Download https://repo1.maven.org/maven2/com/fasterxml/jackson/core/jackson-annotations/2.5.0/jackson-annotations-2.5.0-sources.jar
Download https://repo1.maven.org/maven2/xml-apis/xml-apis/1.0.b2/xml-apis-1.0.b2-sources.jar
Download https://repo1.maven.org/maven2/javax/servlet/javax.servlet-api/3.1.0/javax.servlet-api-3.1.0-sources.jar
Download https://repo1.maven.org/maven2/org/eclipse/jetty/jetty-http/9.3.6.v20151106/jetty-http-9.3.6.v20151106-sources.jar
Download https://repo1.maven.org/maven2/org/eclipse/jetty/jetty-io/9.3.6.v20151106/jetty-io-9.3.6.v20151106-sources.jar
Download https://repo1.maven.org/maven2/org/eclipse/jetty/jetty-xml/9.3.6.v20151106/jetty-xml-9.3.6.v20151106-sources.jar
Download https://repo1.maven.org/maven2/org/eclipse/jetty/jetty-servlet/9.3.6.v20151106/jetty-servlet-9.3.6.v20151106-sources.jar
Download https://repo1.maven.org/maven2/org/eclipse/jetty/websocket/websocket-common/9.3.6.v20151106/websocket-common-9.3.6.v20151106-sources.jar
Download https://repo1.maven.org/maven2/org/eclipse/jetty/websocket/websocket-client/9.3.6.v20151106/websocket-client-9.3.6.v20151106-sources.jar
Download https://repo1.maven.org/maven2/org/eclipse/jetty/websocket/websocket-api/9.3.6.v20151106/websocket-api-9.3.6.v20151106-sources.jar
Download https://repo1.maven.org/maven2/org/eclipse/jetty/jetty-util/9.3.6.v20151106/jetty-util-9.3.6.v20151106-sources.jar
Download https://repo1.maven.org/maven2/org/eclipse/jetty/jetty-security/9.3.6.v20151106/jetty-security-9.3.6.v20151106-sources.jar
Download https://repo1.maven.org/maven2/junit/junit/4.11/junit-4.11-sources.jar
Download https://repo1.maven.org/maven2/org/hamcrest/hamcrest-core/1.3/hamcrest-core-1.3-sources.jar
01:32:38.620 [DEBUG] [org.gradle.cache.internal.DefaultFileLockManager] Releasing lock on cp_init class cache for initialization script '/tmp/ijinit.gradle' (/home/darksamus/prj/caches/2.9/scripts/ijinit_87o07vfof6oy13dwbhyezc40k/cp_init).
01:32:38.620 [DEBUG] [org.gradle.cache.internal.DefaultFileLockManager] Releasing lock on init class cache for initialization script '/tmp/ijinit.gradle' (/home/darksamus/prj/caches/2.9/scripts/ijinit_87o07vfof6oy13dwbhyezc40k/init).
01:32:38.620 [DEBUG] [org.gradle.cache.internal.DefaultFileLockManager] Releasing lock on cp_settings class cache for settings file '/home/darksamus/prj/backend/settings.gradle' (/home/darksamus/prj/caches/2.9/scripts/settings_cg64ceacudzlumou06u8ng0rp/cp_settings).
01:32:38.620 [DEBUG] [org.gradle.cache.internal.DefaultFileLockManager] Releasing lock on settings class cache for settings file '/home/darksamus/prj/backend/settings.gradle' (/home/darksamus/prj/caches/2.9/scripts/settings_cg64ceacudzlumou06u8ng0rp/settings).
01:32:38.620 [DEBUG] [org.gradle.cache.internal.DefaultFileLockManager] Releasing lock on cp_proj class cache for build file '/home/darksamus/prj/backend/build.gradle' (/home/darksamus/prj/caches/2.9/scripts/build_29x5ycrkyt5s9768h4uv0dqek/cp_proj).
01:32:38.620 [DEBUG] [org.gradle.cache.internal.DefaultFileLockManager] Releasing lock on proj class cache for build file '/home/darksamus/prj/backend/build.gradle' (/home/darksamus/prj/caches/2.9/scripts/build_29x5ycrkyt5s9768h4uv0dqek/proj).
01:32:38.625 [DEBUG] [org.gradle.cache.internal.DefaultFileLockManager] Releasing lock on jars (/home/darksamus/prj/caches/jars-1).
01:32:38.628 [DEBUG] [org.gradle.api.internal.artifacts.ivyservice.resolveengine.store.CachedStoreFactory] Resolved configuration cache closed. Cache reads: 0, disk reads: 0 (avg: 0.0 secs, total: 0.0 secs)
01:32:38.628 [DEBUG] [org.gradle.api.internal.artifacts.ivyservice.resolveengine.store.CachedStoreFactory] Resolution result cache closed. Cache reads: 12, disk reads: 4 (avg: 0.002 secs, total: 0.011 secs)
01:32:38.628 [DEBUG] [org.gradle.api.internal.artifacts.ivyservice.resolveengine.store.ResolutionResultsStoreFactory] Deleted 2 resolution results binary files in 0.001 secs
01:32:38.628 [DEBUG] [org.gradle.api.internal.artifacts.ivyservice.ivyresolve.memcache.InMemoryCachedRepositoryFactory] In-memory dependency metadata cache closed. Repos cached: 14, cache instances: 1, modules served from cache: 373, artifacts: 297
01:32:38.628 [DEBUG] [org.gradle.cache.internal.btree.BTreePersistentIndexedCache] Closing cache artifact-at-url.bin (/home/darksamus/prj/caches/modules-2/metadata-2.16/artifact-at-url.bin)
01:32:38.628 [DEBUG] [org.gradle.cache.internal.btree.BTreePersistentIndexedCache] Closing cache module-metadata.bin (/home/darksamus/prj/caches/modules-2/metadata-2.16/module-metadata.bin)
01:32:38.628 [DEBUG] [org.gradle.cache.internal.btree.BTreePersistentIndexedCache] Closing cache artifact-at-repository.bin (/home/darksamus/prj/caches/modules-2/metadata-2.16/artifact-at-repository.bin)
01:32:38.629 [DEBUG] [org.gradle.cache.internal.btree.BTreePersistentIndexedCache] Closing cache module-artifacts.bin (/home/darksamus/prj/caches/modules-2/metadata-2.16/module-artifacts.bin)
01:32:38.629 [DEBUG] [org.gradle.cache.internal.DefaultFileLockManager] Releasing lock on artifact cache (/home/darksamus/prj/caches/modules-2).
01:32:38.634 [DEBUG] [org.gradle.cache.internal.DefaultCacheAccess] Cache Plugin Resolution Cache (/home/darksamus/prj/caches/2.9/plugin-resolution) was closed 0 times.
01:32:38.634 [DEBUG] [org.gradle.api.internal.tasks.compile.daemon.CompilerDaemonManager] Stopping 0 compiler daemon(s).
01:32:38.635 [INFO] [org.gradle.api.internal.tasks.compile.daemon.CompilerDaemonManager] Stopped 0 compiler daemon(s).
01:32:38.635 [DEBUG] [org.gradle.launcher.daemon.server.exec.ExecuteBuild] The daemon has finished executing the build.
01:32:38.643 [DEBUG] [org.gradle.launcher.daemon.server.DaemonStateCoordinator] Daemon is busy, sleeping until state changes.
01:32:38.643 [DEBUG] [org.gradle.launcher.daemon.server.DaemonStateCoordinator] Command execution: finished waiting for DaemonCommandExecution[command = Build{id=4f3c77ed-4872-4486-ae69-e74b0529e86d.1, currentDir=/home/darksamus/prj/backend}, connection = org.gradle.launcher.daemon.server.DefaultDaemonConnection@349d4b64]. Result org.gradle.launcher.daemon.server.DaemonStateCoordinator@2bc5cfe7 with state Running
01:32:38.643 [DEBUG] [org.gradle.launcher.daemon.server.DaemonStateCoordinator] Command execution: completed DaemonCommandExecution[command = Build{id=4f3c77ed-4872-4486-ae69-e74b0529e86d.1, currentDir=/home/darksamus/prj/backend}, connection = org.gradle.launcher.daemon.server.DefaultDaemonConnection@349d4b64]
01:32:38.643 [DEBUG] [org.gradle.launcher.daemon.server.DaemonStateCoordinator] updating lastActivityAt to 1467016358643
01:32:38.643 [INFO] [org.gradle.launcher.daemon.server.DomainRegistryUpdater] Marking the daemon as idle, address: [9f3ec18a-7a47-4c76-9df7-8888d9e8626e port:53171, addresses:[/0:0:0:0:0:0:0:1%lo, /127.0.0.1]]
01:32:38.643 [DEBUG] [org.gradle.launcher.daemon.registry.PersistentDaemonRegistry] Marking idle by address: [9f3ec18a-7a47-4c76-9df7-8888d9e8626e port:53171, addresses:[/0:0:0:0:0:0:0:1%lo, /127.0.0.1]]
01:32:38.643 [DEBUG] [org.gradle.cache.internal.DefaultFileLockManager] Waiting to acquire exclusive lock on daemon addresses registry.
01:32:38.643 [DEBUG] [org.gradle.cache.internal.DefaultFileLockManager] Lock acquired.
01:32:38.645 [DEBUG] [org.gradle.cache.internal.DefaultFileLockManager] Releasing lock on daemon addresses registry.
01:32:38.645 [DEBUG] [org.gradle.launcher.daemon.server.DaemonStateCoordinator] Daemon is idle, sleeping until state change or idle timeout at Mon Jun 27 01:33:38 PDT 2016
01:32:38.645 [DEBUG] [org.gradle.launcher.daemon.server.exec.ReturnResult] Daemon is dispatching the build result: Success[value=org.gradle.tooling.internal.provider.BuildActionResult@3e8a080d]
01:32:38.645 [DEBUG] [org.gradle.launcher.daemon.server.SynchronizedDispatchConnection] thread 12: dispatching class org.gradle.launcher.daemon.protocol.Success
01:32:38.650 [DEBUG] [org.gradle.launcher.daemon.server.DefaultIncomingConnectionHandler] Finishing executing command: Build{id=4f3c77ed-4872-4486-ae69-e74b0529e86d.1, currentDir=/home/darksamus/prj/backend}
01:32:38.693 [DEBUG] [org.gradle.launcher.daemon.server.SynchronizedDispatchConnection] thread 19: received class org.gradle.launcher.daemon.protocol.Finished
01:32:38.693 [DEBUG] [org.gradle.launcher.daemon.server.DefaultDaemonConnection] Received non-IO message from client: org.gradle.launcher.daemon.protocol.Finished@664a0ba8
01:32:38.693 [DEBUG] [org.gradle.messaging.remote.internal.inet.SocketConnection] Discarding EOFException: java.io.EOFException
01:32:38.694 [DEBUG] [org.gradle.launcher.daemon.server.SynchronizedDispatchConnection] thread 19: received null
01:32:38.694 [DEBUG] [org.gradle.launcher.daemon.server.DefaultDaemonConnection] Received end-of-input from client.
01:32:38.694 [DEBUG] [org.gradle.launcher.daemon.server.DefaultIncomingConnectionHandler] Received finished message: null
01:32:38.694 [DEBUG] [org.gradle.launcher.daemon.server.SynchronizedDispatchConnection] thread 12: stopping connection
01:32:38.695 [DEBUG] [org.gradle.launcher.daemon.server.SynchronizedDispatchConnection] thread 12: stopping connection
01:33:38.644 [DEBUG] [org.gradle.launcher.daemon.server.DaemonStateCoordinator] Idle timeout: daemon has been idle for requested period. Stopping now.
01:33:38.644 [DEBUG] [org.gradle.launcher.daemon.server.DaemonStateCoordinator] Marking daemon stopped due to idle timeout. The daemon is running a build: false
01:33:38.644 [DEBUG] [org.gradle.launcher.daemon.server.Daemon] stop() called on daemon
01:33:38.644 [INFO] [org.gradle.launcher.daemon.server.Daemon] Stop requested. Daemon is removing its presence from the registry...
01:33:38.644 [DEBUG] [org.gradle.launcher.daemon.server.DomainRegistryUpdater] Removing our presence to clients, eg. removing this address from the registry: [9f3ec18a-7a47-4c76-9df7-8888d9e8626e port:53171, addresses:[/0:0:0:0:0:0:0:1%lo, /127.0.0.1]]
01:33:38.644 [DEBUG] [org.gradle.launcher.daemon.registry.PersistentDaemonRegistry] Removing daemon address: [9f3ec18a-7a47-4c76-9df7-8888d9e8626e port:53171, addresses:[/0:0:0:0:0:0:0:1%lo, /127.0.0.1]]
01:33:38.645 [DEBUG] [org.gradle.cache.internal.DefaultFileLockManager] Waiting to acquire exclusive lock on daemon addresses registry.
01:33:38.645 [DEBUG] [org.gradle.cache.internal.DefaultFileLockManager] Lock acquired.
01:33:38.648 [DEBUG] [org.gradle.cache.internal.DefaultFileLockManager] Releasing lock on daemon addresses registry.
01:33:38.648 [DEBUG] [org.gradle.launcher.daemon.server.DomainRegistryUpdater] Address removed from registry.
01:33:38.653 [DEBUG] [org.gradle.launcher.daemon.registry.PersistentDaemonRegistry] Removing daemon address: [9f3ec18a-7a47-4c76-9df7-8888d9e8626e port:53171, addresses:[/0:0:0:0:0:0:0:1%lo, /127.0.0.1]]
01:33:38.653 [DEBUG] [org.gradle.cache.internal.DefaultFileLockManager] Waiting to acquire exclusive lock on daemon addresses registry.
01:33:38.654 [DEBUG] [org.gradle.cache.internal.DefaultFileLockManager] Lock acquired.
01:33:38.657 [DEBUG] [org.gradle.cache.internal.DefaultFileLockManager] Releasing lock on daemon addresses registry.
Daemon vm is shutting down... The daemon has exited normally or was terminated in response to a user interrupt.
